[INFO] [2017-07-06 22:12:50][org.springframework.web.context.ContextLoader]Root WebApplicationContext: initialization started
  [INFO] [2017-07-06 22:12:50][org.springframework.web.context.support.XmlWebApplicationContext]Refreshing Root WebApplicationContext: startup date [Thu Jul 06 22:12:50 CST 2017]; root of context hierarchy
  [INFO] [2017-07-06 22:12:50][org.springframework.beans.factory.xml.XmlBeanDefinitionReader]Loading XML bean definitions from class path resource [spring-mybatis.xml]
  [INFO] [2017-07-06 22:12:50][org.springframework.beans.factory.config.PropertyPlaceholderConfigurer]Loading properties file from class path resource [jdbc.properties]
  [INFO] [2017-07-06 22:12:50][org.springframework.beans.factory.annotation.AutowiredAnnotationBeanPostProcessor]JSR-330 'javax.inject.Inject' annotation found and supported for autowiring
  [ERROR] [2017-07-06 22:12:50][org.springframework.web.context.ContextLoader]Context initialization failed
  org.springframework.beans.factory.BeanCreationException: Error creating bean with name 'userController': Injection of resource dependencies failed; nested exception is org.springframework.beans.factory.NoSuchBeanDefinitionException: No qualifying bean of type [com.minierp.service.IUserService] found for dependency: expected at least 1 bean which qualifies as autowire candidate for this dependency. Dependency annotations: {@javax.annotation.Resource(shareable=true, lookup=, name=, description=, authenticationType=CONTAINER, type=class java.lang.Object, mappedName=)}
	at org.springframework.context.annotation.CommonAnnotationBeanPostProcessor.postProcessPropertyValues(CommonAnnotationBeanPostProcessor.java:307)
	at org.springframework.beans.factory.support.AbstractAutowireCapableBeanFactory.populateBean(AbstractAutowireCapableBeanFactory.java:1185)
	at org.springframework.beans.factory.support.AbstractAutowireCapableBeanFactory.doCreateBean(AbstractAutowireCapableBeanFactory.java:537)
	at org.springframework.beans.factory.support.AbstractAutowireCapableBeanFactory.createBean(AbstractAutowireCapableBeanFactory.java:475)
	at org.springframework.beans.factory.support.AbstractBeanFactory$1.getObject(AbstractBeanFactory.java:304)
	at org.springframework.beans.factory.support.DefaultSingletonBeanRegistry.getSingleton(DefaultSingletonBeanRegistry.java:228)
	at org.springframework.beans.factory.support.AbstractBeanFactory.doGetBean(AbstractBeanFactory.java:300)
	at org.springframework.beans.factory.support.AbstractBeanFactory.getBean(AbstractBeanFactory.java:195)
	at org.springframework.beans.factory.support.DefaultListableBeanFactory.preInstantiateSingletons(DefaultListableBeanFactory.java:700)
	at org.springframework.context.support.AbstractApplicationContext.finishBeanFactoryInitialization(AbstractApplicationContext.java:760)
	at org.springframework.context.support.AbstractApplicationContext.refresh(AbstractApplicationContext.java:482)
	at org.springframework.web.context.ContextLoader.configureAndRefreshWebApplicationContext(ContextLoader.java:403)
	at org.springframework.web.context.ContextLoader.initWebApplicationContext(ContextLoader.java:306)
	at org.springframework.web.context.ContextLoaderListener.contextInitialized(ContextLoaderListener.java:106)
	at org.eclipse.jetty.server.handler.ContextHandler.callContextInitialized(ContextHandler.java:800)
	at org.eclipse.jetty.servlet.ServletContextHandler.callContextInitialized(ServletContextHandler.java:444)
	at org.eclipse.jetty.server.handler.ContextHandler.startContext(ContextHandler.java:791)
	at org.eclipse.jetty.servlet.ServletContextHandler.startContext(ServletContextHandler.java:294)
	at org.eclipse.jetty.webapp.WebAppContext.startWebapp(WebAppContext.java:1349)
	at org.eclipse.jetty.maven.plugin.JettyWebAppContext.startWebapp(JettyWebAppContext.java:296)
	at org.eclipse.jetty.webapp.WebAppContext.startContext(WebAppContext.java:1342)
	at org.eclipse.jetty.server.handler.ContextHandler.doStart(ContextHandler.java:741)
	at org.eclipse.jetty.webapp.WebAppContext.doStart(WebAppContext.java:505)
	at org.eclipse.jetty.maven.plugin.JettyWebAppContext.doStart(JettyWebAppContext.java:365)
	at org.eclipse.jetty.util.component.AbstractLifeCycle.start(AbstractLifeCycle.java:68)
	at org.eclipse.jetty.util.component.ContainerLifeCycle.start(ContainerLifeCycle.java:132)
	at org.eclipse.jetty.util.component.ContainerLifeCycle.doStart(ContainerLifeCycle.java:114)
	at org.eclipse.jetty.server.handler.AbstractHandler.doStart(AbstractHandler.java:61)
	at org.eclipse.jetty.server.handler.ContextHandlerCollection.doStart(ContextHandlerCollection.java:163)
	at org.eclipse.jetty.util.component.AbstractLifeCycle.start(AbstractLifeCycle.java:68)
	at org.eclipse.jetty.util.component.ContainerLifeCycle.start(ContainerLifeCycle.java:132)
	at org.eclipse.jetty.util.component.ContainerLifeCycle.doStart(ContainerLifeCycle.java:114)
	at org.eclipse.jetty.server.handler.AbstractHandler.doStart(AbstractHandler.java:61)
	at org.eclipse.jetty.util.component.AbstractLifeCycle.start(AbstractLifeCycle.java:68)
	at org.eclipse.jetty.util.component.ContainerLifeCycle.start(ContainerLifeCycle.java:132)
	at org.eclipse.jetty.server.Server.start(Server.java:387)
	at org.eclipse.jetty.util.component.ContainerLifeCycle.doStart(ContainerLifeCycle.java:114)
	at org.eclipse.jetty.server.handler.AbstractHandler.doStart(AbstractHandler.java:61)
	at org.eclipse.jetty.server.Server.doStart(Server.java:354)
	at org.eclipse.jetty.maven.plugin.JettyServer.doStart(JettyServer.java:73)
	at org.eclipse.jetty.util.component.AbstractLifeCycle.start(AbstractLifeCycle.java:68)
	at org.eclipse.jetty.maven.plugin.AbstractJettyMojo.startJetty(AbstractJettyMojo.java:534)
	at org.eclipse.jetty.maven.plugin.AbstractJettyMojo.execute(AbstractJettyMojo.java:357)
	at org.eclipse.jetty.maven.plugin.JettyRunMojo.execute(JettyRunMojo.java:167)
	at org.apache.maven.plugin.DefaultBuildPluginManager.executeMojo(DefaultBuildPluginManager.java:134)
	at org.apache.maven.lifecycle.internal.MojoExecutor.execute(MojoExecutor.java:207)
	at org.apache.maven.lifecycle.internal.MojoExecutor.execute(MojoExecutor.java:153)
	at org.apache.maven.lifecycle.internal.MojoExecutor.execute(MojoExecutor.java:145)
	at org.apache.maven.lifecycle.internal.LifecycleModuleBuilder.buildProject(LifecycleModuleBuilder.java:116)
	at org.apache.maven.lifecycle.internal.LifecycleModuleBuilder.buildProject(LifecycleModuleBuilder.java:80)
	at org.apache.maven.lifecycle.internal.builder.singlethreaded.SingleThreadedBuilder.build(SingleThreadedBuilder.java:51)
	at org.apache.maven.lifecycle.internal.LifecycleStarter.execute(LifecycleStarter.java:128)
	at org.apache.maven.DefaultMaven.doExecute(DefaultMaven.java:307)
	at org.apache.maven.DefaultMaven.doExecute(DefaultMaven.java:193)
	at org.apache.maven.DefaultMaven.execute(DefaultMaven.java:106)
	at org.apache.maven.cli.MavenCli.execute(MavenCli.java:863)
	at org.apache.maven.cli.MavenCli.doMain(MavenCli.java:288)
	at org.apache.maven.cli.MavenCli.main(MavenCli.java:199)
	at sun.reflect.NativeMethodAccessorImpl.invoke0(Native Method)
	at sun.reflect.NativeMethodAccessorImpl.invoke(NativeMethodAccessorImpl.java:62)
	at sun.reflect.DelegatingMethodAccessorImpl.invoke(DelegatingMethodAccessorImpl.java:43)
	at java.lang.reflect.Method.invoke(Method.java:497)
	at org.codehaus.plexus.classworlds.launcher.Launcher.launchEnhanced(Launcher.java:289)
	at org.codehaus.plexus.classworlds.launcher.Launcher.launch(Launcher.java:229)
	at org.codehaus.plexus.classworlds.launcher.Launcher.mainWithExitCode(Launcher.java:415)
	at org.codehaus.plexus.classworlds.launcher.Launcher.main(Launcher.java:356)
Caused by: org.springframework.beans.factory.NoSuchBeanDefinitionException: No qualifying bean of type [com.minierp.service.IUserService] found for dependency: expected at least 1 bean which qualifies as autowire candidate for this dependency. Dependency annotations: {@javax.annotation.Resource(shareable=true, lookup=, name=, description=, authenticationType=CONTAINER, type=class java.lang.Object, mappedName=)}
	at org.springframework.beans.factory.support.DefaultListableBeanFactory.raiseNoSuchBeanDefinitionException(DefaultListableBeanFactory.java:1100)
	at org.springframework.beans.factory.support.DefaultListableBeanFactory.doResolveDependency(DefaultListableBeanFactory.java:960)
	at org.springframework.beans.factory.support.DefaultListableBeanFactory.resolveDependency(DefaultListableBeanFactory.java:855)
	at org.springframework.context.annotation.CommonAnnotationBeanPostProcessor.autowireResource(CommonAnnotationBeanPostProcessor.java:441)
	at org.springframework.context.annotation.CommonAnnotationBeanPostProcessor.getResource(CommonAnnotationBeanPostProcessor.java:419)
	at org.springframework.context.annotation.CommonAnnotationBeanPostProcessor$ResourceElement.getResourceToInject(CommonAnnotationBeanPostProcessor.java:544)
	at org.springframework.beans.factory.annotation.InjectionMetadata$InjectedElement.inject(InjectionMetadata.java:155)
	at org.springframework.beans.factory.annotation.InjectionMetadata.inject(InjectionMetadata.java:87)
	at org.springframework.context.annotation.CommonAnnotationBeanPostProcessor.postProcessPropertyValues(CommonAnnotationBeanPostProcessor.java:304)
	... 65 more
[INFO] [2017-07-06 22:21:27][org.springframework.web.context.ContextLoader]Root WebApplicationContext: initialization started
  [INFO] [2017-07-06 22:21:27][org.springframework.web.context.support.XmlWebApplicationContext]Refreshing Root WebApplicationContext: startup date [Thu Jul 06 22:21:27 CST 2017]; root of context hierarchy
  [INFO] [2017-07-06 22:21:27][org.springframework.beans.factory.xml.XmlBeanDefinitionReader]Loading XML bean definitions from class path resource [spring-mybatis.xml]
  [INFO] [2017-07-06 22:21:27][org.springframework.beans.factory.config.PropertyPlaceholderConfigurer]Loading properties file from class path resource [jdbc.properties]
  [INFO] [2017-07-06 22:21:27][org.springframework.beans.factory.annotation.AutowiredAnnotationBeanPostProcessor]JSR-330 'javax.inject.Inject' annotation found and supported for autowiring
  [INFO] [2017-07-06 22:21:27][org.springframework.web.context.ContextLoader]Root WebApplicationContext: initialization completed in 466 ms
  [INFO] [2017-07-06 22:21:27][org.springframework.web.servlet.DispatcherServlet]FrameworkServlet 'SpringMVC': initialization started
  [INFO] [2017-07-06 22:21:27][org.springframework.web.context.support.XmlWebApplicationContext]Refreshing WebApplicationContext for namespace 'SpringMVC-servlet': startup date [Thu Jul 06 22:21:27 CST 2017]; parent: Root WebApplicationContext
  [INFO] [2017-07-06 22:21:27][org.springframework.beans.factory.xml.XmlBeanDefinitionReader]Loading XML bean definitions from class path resource [spring-mvc.xml]
  [INFO] [2017-07-06 22:21:27][org.springframework.beans.factory.annotation.AutowiredAnnotationBeanPostProcessor]JSR-330 'javax.inject.Inject' annotation found and supported for autowiring
  [INFO] [2017-07-06 22:21:28][org.springframework.web.servlet.mvc.method.annotation.RequestMappingHandlerMapping]Mapped "{[/user/test],methods=[GET],params=[],headers=[],consumes=[],produces=[],custom=[]}" onto public java.lang.String com.minierp.controller.UserController.test(javax.servlet.http.HttpServletRequest,org.springframework.ui.Model)
  [INFO] [2017-07-06 22:21:28][org.springframework.web.servlet.mvc.method.annotation.RequestMappingHandlerMapping]Mapped "{[/user/showUser],methods=[GET],params=[],headers=[],consumes=[],produces=[],custom=[]}" onto public java.lang.String com.minierp.controller.UserController.toIndex(javax.servlet.http.HttpServletRequest,org.springframework.ui.Model)
  [INFO] [2017-07-06 22:21:28][org.springframework.web.servlet.mvc.method.annotation.RequestMappingHandlerMapping]Mapped "{[/user/jsontype/{id}],methods=[GET],params=[],headers=[],consumes=[],produces=[],custom=[]}" onto public org.springframework.http.ResponseEntity<com.minierp.model.User> com.minierp.controller.UserController.getUserInJson2(java.lang.String,java.util.Map<java.lang.String, java.lang.Object>)
  [INFO] [2017-07-06 22:21:28][org.springframework.web.servlet.mvc.method.annotation.RequestMappingHandlerMapping]Mapped "{[/user/showUser2],methods=[GET],params=[],headers=[],consumes=[],produces=[],custom=[]}" onto public java.lang.String com.minierp.controller.UserController.toIndex2(java.lang.String,org.springframework.ui.Model)
  [INFO] [2017-07-06 22:21:28][org.springframework.web.servlet.mvc.method.annotation.RequestMappingHandlerMapping]Mapped "{[/user/showUser3/{id}],methods=[GET],params=[],headers=[],consumes=[],produces=[],custom=[]}" onto public java.lang.String com.minierp.controller.UserController.toIndex3(java.lang.String,java.util.Map<java.lang.String, java.lang.Object>)
  [INFO] [2017-07-06 22:21:28][org.springframework.web.servlet.mvc.method.annotation.RequestMappingHandlerMapping]Mapped "{[/user/{id}],methods=[GET],params=[],headers=[],consumes=[],produces=[],custom=[]}" onto public com.minierp.model.User com.minierp.controller.UserController.getUserInJson(java.lang.String,java.util.Map<java.lang.String, java.lang.Object>)
  [INFO] [2017-07-06 22:21:28][org.springframework.web.servlet.handler.SimpleUrlHandlerMapping]Mapped URL path [/resources] onto handler 'org.springframework.web.servlet.resource.ResourceHttpRequestHandler#0'
  [INFO] [2017-07-06 22:22:33][org.springframework.web.context.ContextLoader]Root WebApplicationContext: initialization started
  [INFO] [2017-07-06 22:22:33][org.springframework.web.context.support.XmlWebApplicationContext]Refreshing Root WebApplicationContext: startup date [Thu Jul 06 22:22:33 CST 2017]; root of context hierarchy
  [INFO] [2017-07-06 22:22:33][org.springframework.beans.factory.xml.XmlBeanDefinitionReader]Loading XML bean definitions from class path resource [spring-mybatis.xml]
  [INFO] [2017-07-06 22:22:33][org.springframework.beans.factory.config.PropertyPlaceholderConfigurer]Loading properties file from class path resource [jdbc.properties]
  [INFO] [2017-07-06 22:22:33][org.springframework.beans.factory.annotation.AutowiredAnnotationBeanPostProcessor]JSR-330 'javax.inject.Inject' annotation found and supported for autowiring
  [INFO] [2017-07-06 22:22:33][org.springframework.web.context.ContextLoader]Root WebApplicationContext: initialization completed in 429 ms
  [INFO] [2017-07-06 22:22:33][org.springframework.web.servlet.DispatcherServlet]FrameworkServlet 'SpringMVC': initialization started
  [INFO] [2017-07-06 22:22:33][org.springframework.web.context.support.XmlWebApplicationContext]Refreshing WebApplicationContext for namespace 'SpringMVC-servlet': startup date [Thu Jul 06 22:22:33 CST 2017]; parent: Root WebApplicationContext
  [INFO] [2017-07-06 22:22:33][org.springframework.beans.factory.xml.XmlBeanDefinitionReader]Loading XML bean definitions from class path resource [spring-mvc.xml]
  [INFO] [2017-07-06 22:22:34][org.springframework.beans.factory.annotation.AutowiredAnnotationBeanPostProcessor]JSR-330 'javax.inject.Inject' annotation found and supported for autowiring
  [INFO] [2017-07-06 22:22:34][org.springframework.web.servlet.mvc.method.annotation.RequestMappingHandlerMapping]Mapped "{[/user/test],methods=[GET],params=[],headers=[],consumes=[],produces=[],custom=[]}" onto public java.lang.String com.minierp.controller.UserController.test(javax.servlet.http.HttpServletRequest,org.springframework.ui.Model)
  [INFO] [2017-07-06 22:22:34][org.springframework.web.servlet.mvc.method.annotation.RequestMappingHandlerMapping]Mapped "{[/user/showUser],methods=[GET],params=[],headers=[],consumes=[],produces=[],custom=[]}" onto public java.lang.String com.minierp.controller.UserController.toIndex(javax.servlet.http.HttpServletRequest,org.springframework.ui.Model)
  [INFO] [2017-07-06 22:22:34][org.springframework.web.servlet.mvc.method.annotation.RequestMappingHandlerMapping]Mapped "{[/user/jsontype/{id}],methods=[GET],params=[],headers=[],consumes=[],produces=[],custom=[]}" onto public org.springframework.http.ResponseEntity<com.minierp.model.User> com.minierp.controller.UserController.getUserInJson2(java.lang.String,java.util.Map<java.lang.String, java.lang.Object>)
  [INFO] [2017-07-06 22:22:34][org.springframework.web.servlet.mvc.method.annotation.RequestMappingHandlerMapping]Mapped "{[/user/showUser3/{id}],methods=[GET],params=[],headers=[],consumes=[],produces=[],custom=[]}" onto public java.lang.String com.minierp.controller.UserController.toIndex3(java.lang.String,java.util.Map<java.lang.String, java.lang.Object>)
  [INFO] [2017-07-06 22:22:34][org.springframework.web.servlet.mvc.method.annotation.RequestMappingHandlerMapping]Mapped "{[/user/{id}],methods=[GET],params=[],headers=[],consumes=[],produces=[],custom=[]}" onto public com.minierp.model.User com.minierp.controller.UserController.getUserInJson(java.lang.String,java.util.Map<java.lang.String, java.lang.Object>)
  [INFO] [2017-07-06 22:22:34][org.springframework.web.servlet.mvc.method.annotation.RequestMappingHandlerMapping]Mapped "{[/user/showUser2],methods=[GET],params=[],headers=[],consumes=[],produces=[],custom=[]}" onto public java.lang.String com.minierp.controller.UserController.toIndex2(java.lang.String,org.springframework.ui.Model)
  [INFO] [2017-07-06 22:22:34][org.springframework.web.servlet.handler.SimpleUrlHandlerMapping]Mapped URL path [/resources] onto handler 'org.springframework.web.servlet.resource.ResourceHttpRequestHandler#0'
  [INFO] [2017-07-06 22:23:43][org.springframework.web.context.ContextLoader]Root WebApplicationContext: initialization started
  [INFO] [2017-07-06 22:23:43][org.springframework.web.context.support.XmlWebApplicationContext]Refreshing Root WebApplicationContext: startup date [Thu Jul 06 22:23:43 CST 2017]; root of context hierarchy
  [INFO] [2017-07-06 22:23:43][org.springframework.beans.factory.xml.XmlBeanDefinitionReader]Loading XML bean definitions from class path resource [spring-mybatis.xml]
  [INFO] [2017-07-06 22:23:43][org.springframework.beans.factory.config.PropertyPlaceholderConfigurer]Loading properties file from class path resource [jdbc.properties]
  [INFO] [2017-07-06 22:23:43][org.springframework.beans.factory.annotation.AutowiredAnnotationBeanPostProcessor]JSR-330 'javax.inject.Inject' annotation found and supported for autowiring
  [INFO] [2017-07-06 22:23:44][org.springframework.web.context.ContextLoader]Root WebApplicationContext: initialization completed in 420 ms
  [INFO] [2017-07-06 22:23:44][org.springframework.web.servlet.DispatcherServlet]FrameworkServlet 'SpringMVC': initialization started
  [INFO] [2017-07-06 22:23:44][org.springframework.web.context.support.XmlWebApplicationContext]Refreshing WebApplicationContext for namespace 'SpringMVC-servlet': startup date [Thu Jul 06 22:23:44 CST 2017]; parent: Root WebApplicationContext
  [INFO] [2017-07-06 22:23:44][org.springframework.beans.factory.xml.XmlBeanDefinitionReader]Loading XML bean definitions from class path resource [spring-mvc.xml]
  [INFO] [2017-07-06 22:23:44][org.springframework.beans.factory.annotation.AutowiredAnnotationBeanPostProcessor]JSR-330 'javax.inject.Inject' annotation found and supported for autowiring
  [INFO] [2017-07-06 22:23:44][org.springframework.web.servlet.mvc.method.annotation.RequestMappingHandlerMapping]Mapped "{[/user/test],methods=[GET],params=[],headers=[],consumes=[],produces=[],custom=[]}" onto public java.lang.String com.minierp.controller.UserController.test(javax.servlet.http.HttpServletRequest,org.springframework.ui.Model)
  [INFO] [2017-07-06 22:23:44][org.springframework.web.servlet.mvc.method.annotation.RequestMappingHandlerMapping]Mapped "{[/user/showUser],methods=[GET],params=[],headers=[],consumes=[],produces=[],custom=[]}" onto public java.lang.String com.minierp.controller.UserController.toIndex(javax.servlet.http.HttpServletRequest,org.springframework.ui.Model)
  [INFO] [2017-07-06 22:23:44][org.springframework.web.servlet.mvc.method.annotation.RequestMappingHandlerMapping]Mapped "{[/user/{id}],methods=[GET],params=[],headers=[],consumes=[],produces=[],custom=[]}" onto public com.minierp.model.User com.minierp.controller.UserController.getUserInJson(java.lang.String,java.util.Map<java.lang.String, java.lang.Object>)
  [INFO] [2017-07-06 22:23:44][org.springframework.web.servlet.mvc.method.annotation.RequestMappingHandlerMapping]Mapped "{[/user/showUser2],methods=[GET],params=[],headers=[],consumes=[],produces=[],custom=[]}" onto public java.lang.String com.minierp.controller.UserController.toIndex2(java.lang.String,org.springframework.ui.Model)
  [INFO] [2017-07-06 22:23:44][org.springframework.web.servlet.mvc.method.annotation.RequestMappingHandlerMapping]Mapped "{[/user/showUser3/{id}],methods=[GET],params=[],headers=[],consumes=[],produces=[],custom=[]}" onto public java.lang.String com.minierp.controller.UserController.toIndex3(java.lang.String,java.util.Map<java.lang.String, java.lang.Object>)
  [INFO] [2017-07-06 22:23:44][org.springframework.web.servlet.mvc.method.annotation.RequestMappingHandlerMapping]Mapped "{[/user/jsontype/{id}],methods=[GET],params=[],headers=[],consumes=[],produces=[],custom=[]}" onto public org.springframework.http.ResponseEntity<com.minierp.model.User> com.minierp.controller.UserController.getUserInJson2(java.lang.String,java.util.Map<java.lang.String, java.lang.Object>)
  [INFO] [2017-07-06 22:23:44][org.springframework.web.servlet.handler.SimpleUrlHandlerMapping]Mapped URL path [/resources] onto handler 'org.springframework.web.servlet.resource.ResourceHttpRequestHandler#0'
  [INFO] [2017-07-06 22:25:15][org.springframework.web.context.ContextLoader]Root WebApplicationContext: initialization started
  [INFO] [2017-07-06 22:25:15][org.springframework.web.context.support.XmlWebApplicationContext]Refreshing Root WebApplicationContext: startup date [Thu Jul 06 22:25:15 CST 2017]; root of context hierarchy
  [INFO] [2017-07-06 22:25:15][org.springframework.beans.factory.xml.XmlBeanDefinitionReader]Loading XML bean definitions from class path resource [spring-mybatis.xml]
  [INFO] [2017-07-06 22:25:15][org.springframework.beans.factory.config.PropertyPlaceholderConfigurer]Loading properties file from class path resource [jdbc.properties]
  [INFO] [2017-07-06 22:25:15][org.springframework.beans.factory.annotation.AutowiredAnnotationBeanPostProcessor]JSR-330 'javax.inject.Inject' annotation found and supported for autowiring
  [INFO] [2017-07-06 22:25:15][org.springframework.web.context.ContextLoader]Root WebApplicationContext: initialization completed in 422 ms
  [INFO] [2017-07-06 22:25:15][org.springframework.web.servlet.DispatcherServlet]FrameworkServlet 'SpringMVC': initialization started
  [INFO] [2017-07-06 22:25:15][org.springframework.web.context.support.XmlWebApplicationContext]Refreshing WebApplicationContext for namespace 'SpringMVC-servlet': startup date [Thu Jul 06 22:25:15 CST 2017]; parent: Root WebApplicationContext
  [INFO] [2017-07-06 22:25:15][org.springframework.beans.factory.xml.XmlBeanDefinitionReader]Loading XML bean definitions from class path resource [spring-mvc.xml]
  [INFO] [2017-07-06 22:25:15][org.springframework.beans.factory.annotation.AutowiredAnnotationBeanPostProcessor]JSR-330 'javax.inject.Inject' annotation found and supported for autowiring
  [INFO] [2017-07-06 22:25:16][org.springframework.web.servlet.mvc.method.annotation.RequestMappingHandlerMapping]Mapped "{[/user/test],methods=[GET],params=[],headers=[],consumes=[],produces=[],custom=[]}" onto public java.lang.String com.minierp.controller.UserController.test(javax.servlet.http.HttpServletRequest,org.springframework.ui.Model)
  [INFO] [2017-07-06 22:25:16][org.springframework.web.servlet.mvc.method.annotation.RequestMappingHandlerMapping]Mapped "{[/user/showUser],methods=[GET],params=[],headers=[],consumes=[],produces=[],custom=[]}" onto public java.lang.String com.minierp.controller.UserController.toIndex(javax.servlet.http.HttpServletRequest,org.springframework.ui.Model)
  [INFO] [2017-07-06 22:25:16][org.springframework.web.servlet.mvc.method.annotation.RequestMappingHandlerMapping]Mapped "{[/user/showUser2],methods=[GET],params=[],headers=[],consumes=[],produces=[],custom=[]}" onto public java.lang.String com.minierp.controller.UserController.toIndex2(java.lang.String,org.springframework.ui.Model)
  [INFO] [2017-07-06 22:25:16][org.springframework.web.servlet.mvc.method.annotation.RequestMappingHandlerMapping]Mapped "{[/user/jsontype/{id}],methods=[GET],params=[],headers=[],consumes=[],produces=[],custom=[]}" onto public org.springframework.http.ResponseEntity<com.minierp.model.User> com.minierp.controller.UserController.getUserInJson2(java.lang.String,java.util.Map<java.lang.String, java.lang.Object>)
  [INFO] [2017-07-06 22:25:16][org.springframework.web.servlet.mvc.method.annotation.RequestMappingHandlerMapping]Mapped "{[/user/{id}],methods=[GET],params=[],headers=[],consumes=[],produces=[],custom=[]}" onto public com.minierp.model.User com.minierp.controller.UserController.getUserInJson(java.lang.String,java.util.Map<java.lang.String, java.lang.Object>)
  [INFO] [2017-07-06 22:25:16][org.springframework.web.servlet.mvc.method.annotation.RequestMappingHandlerMapping]Mapped "{[/user/showUser3/{id}],methods=[GET],params=[],headers=[],consumes=[],produces=[],custom=[]}" onto public java.lang.String com.minierp.controller.UserController.toIndex3(java.lang.String,java.util.Map<java.lang.String, java.lang.Object>)
  [INFO] [2017-07-06 22:25:16][org.springframework.web.servlet.handler.SimpleUrlHandlerMapping]Mapped URL path [/resources] onto handler 'org.springframework.web.servlet.resource.ResourceHttpRequestHandler#0'
  [INFO] [2017-07-06 22:34:53][org.springframework.web.context.ContextLoader]Root WebApplicationContext: initialization started
  [INFO] [2017-07-06 22:34:53][org.springframework.web.context.support.XmlWebApplicationContext]Refreshing Root WebApplicationContext: startup date [Thu Jul 06 22:34:53 CST 2017]; root of context hierarchy
  [INFO] [2017-07-06 22:34:53][org.springframework.beans.factory.xml.XmlBeanDefinitionReader]Loading XML bean definitions from class path resource [spring-mybatis.xml]
  [INFO] [2017-07-06 22:34:54][org.springframework.beans.factory.config.PropertyPlaceholderConfigurer]Loading properties file from class path resource [jdbc.properties]
  [INFO] [2017-07-06 22:34:54][org.springframework.beans.factory.annotation.AutowiredAnnotationBeanPostProcessor]JSR-330 'javax.inject.Inject' annotation found and supported for autowiring
  [INFO] [2017-07-06 22:34:54][org.springframework.web.context.ContextLoader]Root WebApplicationContext: initialization completed in 436 ms
  [INFO] [2017-07-06 22:34:54][org.springframework.web.servlet.DispatcherServlet]FrameworkServlet 'SpringMVC': initialization started
  [INFO] [2017-07-06 22:34:54][org.springframework.web.context.support.XmlWebApplicationContext]Refreshing WebApplicationContext for namespace 'SpringMVC-servlet': startup date [Thu Jul 06 22:34:54 CST 2017]; parent: Root WebApplicationContext
  [INFO] [2017-07-06 22:34:54][org.springframework.beans.factory.xml.XmlBeanDefinitionReader]Loading XML bean definitions from class path resource [spring-mvc.xml]
  [INFO] [2017-07-06 22:34:54][org.springframework.beans.factory.annotation.AutowiredAnnotationBeanPostProcessor]JSR-330 'javax.inject.Inject' annotation found and supported for autowiring
  [INFO] [2017-07-06 22:34:54][org.springframework.web.servlet.mvc.method.annotation.RequestMappingHandlerMapping]Mapped "{[/user/test],methods=[GET],params=[],headers=[],consumes=[],produces=[],custom=[]}" onto public java.lang.String com.minierp.controller.UserController.test(javax.servlet.http.HttpServletRequest,org.springframework.ui.Model)
  [INFO] [2017-07-06 22:34:54][org.springframework.web.servlet.mvc.method.annotation.RequestMappingHandlerMapping]Mapped "{[/user/showUser],methods=[GET],params=[],headers=[],consumes=[],produces=[],custom=[]}" onto public java.lang.String com.minierp.controller.UserController.toIndex(javax.servlet.http.HttpServletRequest,org.springframework.ui.Model)
  [INFO] [2017-07-06 22:34:54][org.springframework.web.servlet.mvc.method.annotation.RequestMappingHandlerMapping]Mapped "{[/user/showUser2],methods=[GET],params=[],headers=[],consumes=[],produces=[],custom=[]}" onto public java.lang.String com.minierp.controller.UserController.toIndex2(java.lang.String,org.springframework.ui.Model)
  [INFO] [2017-07-06 22:34:54][org.springframework.web.servlet.mvc.method.annotation.RequestMappingHandlerMapping]Mapped "{[/user/showUser3/{id}],methods=[GET],params=[],headers=[],consumes=[],produces=[],custom=[]}" onto public java.lang.String com.minierp.controller.UserController.toIndex3(java.lang.String,java.util.Map<java.lang.String, java.lang.Object>)
  [INFO] [2017-07-06 22:34:54][org.springframework.web.servlet.mvc.method.annotation.RequestMappingHandlerMapping]Mapped "{[/user/{id}],methods=[GET],params=[],headers=[],consumes=[],produces=[],custom=[]}" onto public com.minierp.model.User com.minierp.controller.UserController.getUserInJson(java.lang.String,java.util.Map<java.lang.String, java.lang.Object>)
  [INFO] [2017-07-06 22:34:54][org.springframework.web.servlet.mvc.method.annotation.RequestMappingHandlerMapping]Mapped "{[/user/jsontype/{id}],methods=[GET],params=[],headers=[],consumes=[],produces=[],custom=[]}" onto public org.springframework.http.ResponseEntity<com.minierp.model.User> com.minierp.controller.UserController.getUserInJson2(java.lang.String,java.util.Map<java.lang.String, java.lang.Object>)
  [INFO] [2017-07-06 22:34:54][org.springframework.web.servlet.handler.SimpleUrlHandlerMapping]Mapped URL path [/resources] onto handler 'org.springframework.web.servlet.resource.ResourceHttpRequestHandler#0'
  [INFO] [2017-07-06 22:34:54][org.springframework.web.servlet.DispatcherServlet]FrameworkServlet 'SpringMVC': initialization completed in 466 ms
  [INFO] [2017-07-06 22:37:27][org.springframework.web.context.ContextLoader]Root WebApplicationContext: initialization started
  [INFO] [2017-07-06 22:37:27][org.springframework.web.context.support.XmlWebApplicationContext]Refreshing Root WebApplicationContext: startup date [Thu Jul 06 22:37:27 CST 2017]; root of context hierarchy
  [INFO] [2017-07-06 22:37:27][org.springframework.beans.factory.xml.XmlBeanDefinitionReader]Loading XML bean definitions from class path resource [spring-mybatis.xml]
  [INFO] [2017-07-06 22:37:28][org.springframework.beans.factory.config.PropertyPlaceholderConfigurer]Loading properties file from class path resource [jdbc.properties]
  [INFO] [2017-07-06 22:37:28][org.springframework.beans.factory.annotation.AutowiredAnnotationBeanPostProcessor]JSR-330 'javax.inject.Inject' annotation found and supported for autowiring
  [INFO] [2017-07-06 22:37:28][org.springframework.web.context.ContextLoader]Root WebApplicationContext: initialization completed in 409 ms
  [INFO] [2017-07-06 22:37:28][org.springframework.web.servlet.DispatcherServlet]FrameworkServlet 'SpringMVC': initialization started
  [INFO] [2017-07-06 22:37:28][org.springframework.web.context.support.XmlWebApplicationContext]Refreshing WebApplicationContext for namespace 'SpringMVC-servlet': startup date [Thu Jul 06 22:37:28 CST 2017]; parent: Root WebApplicationContext
  [INFO] [2017-07-06 22:37:28][org.springframework.beans.factory.xml.XmlBeanDefinitionReader]Loading XML bean definitions from class path resource [spring-mvc.xml]
  [INFO] [2017-07-06 22:37:28][org.springframework.beans.factory.annotation.AutowiredAnnotationBeanPostProcessor]JSR-330 'javax.inject.Inject' annotation found and supported for autowiring
  [INFO] [2017-07-06 22:37:28][org.springframework.web.servlet.mvc.method.annotation.RequestMappingHandlerMapping]Mapped "{[/user/test],methods=[GET],params=[],headers=[],consumes=[],produces=[],custom=[]}" onto public java.lang.String com.minierp.controller.UserController.test(javax.servlet.http.HttpServletRequest,org.springframework.ui.Model)
  [INFO] [2017-07-06 22:37:28][org.springframework.web.servlet.mvc.method.annotation.RequestMappingHandlerMapping]Mapped "{[/user/showUser],methods=[GET],params=[],headers=[],consumes=[],produces=[],custom=[]}" onto public java.lang.String com.minierp.controller.UserController.toIndex(javax.servlet.http.HttpServletRequest,org.springframework.ui.Model)
  [INFO] [2017-07-06 22:37:28][org.springframework.web.servlet.mvc.method.annotation.RequestMappingHandlerMapping]Mapped "{[/user/showUser2],methods=[GET],params=[],headers=[],consumes=[],produces=[],custom=[]}" onto public java.lang.String com.minierp.controller.UserController.toIndex2(java.lang.String,org.springframework.ui.Model)
  [INFO] [2017-07-06 22:37:28][org.springframework.web.servlet.mvc.method.annotation.RequestMappingHandlerMapping]Mapped "{[/user/showUser3/{id}],methods=[GET],params=[],headers=[],consumes=[],produces=[],custom=[]}" onto public java.lang.String com.minierp.controller.UserController.toIndex3(java.lang.String,java.util.Map<java.lang.String, java.lang.Object>)
  [INFO] [2017-07-06 22:37:28][org.springframework.web.servlet.mvc.method.annotation.RequestMappingHandlerMapping]Mapped "{[/user/{id}],methods=[GET],params=[],headers=[],consumes=[],produces=[],custom=[]}" onto public com.minierp.model.User com.minierp.controller.UserController.getUserInJson(java.lang.String,java.util.Map<java.lang.String, java.lang.Object>)
  [INFO] [2017-07-06 22:37:28][org.springframework.web.servlet.mvc.method.annotation.RequestMappingHandlerMapping]Mapped "{[/user/jsontype/{id}],methods=[GET],params=[],headers=[],consumes=[],produces=[],custom=[]}" onto public org.springframework.http.ResponseEntity<com.minierp.model.User> com.minierp.controller.UserController.getUserInJson2(java.lang.String,java.util.Map<java.lang.String, java.lang.Object>)
  [INFO] [2017-07-06 22:37:28][org.springframework.web.servlet.handler.SimpleUrlHandlerMapping]Mapped URL path [/resources] onto handler 'org.springframework.web.servlet.resource.ResourceHttpRequestHandler#0'
  [INFO] [2017-07-06 22:37:28][org.springframework.web.servlet.DispatcherServlet]FrameworkServlet 'SpringMVC': initialization completed in 460 ms
  